New_Eden\source\templatelibs\buildings.tga
New_Eden\data\layers\m_000_000_lca.png
New_Eden\data\layers\m_000_001_lca.png
New_Eden\data\layers\m_000_002_lca.png
New_Eden\data\layers\m_000_003_lca.png
New_Eden\data\layers\m_000_004_lca.png
New_Eden\data\layers\m_000_005_lca.png
New_Eden\data\layers\m_000_006_lca.png
New_Eden\data\layers\m_000_007_lca.png
New_Eden\data\layers\m_000_008_lca.png
New_Eden\data\layers\m_000_009_lca.png
New_Eden\data\layers\m_000_010_lca.png
New_Eden\data\layers\m_001_000_lca.png
New_Eden\data\layers\m_001_001_lca.png
New_Eden\data\layers\m_001_002_lca.png
New_Eden\data\layers\m_001_003_lca.png
New_Eden\data\layers\m_001_004_lca.png
New_Eden\data\layers\m_001_005_lca.png
New_Eden\data\layers\m_001_006_lca.png
New_Eden\data\layers\m_001_007_lca.png
New_Eden\data\layers\m_001_008_lca.png
New_Eden\data\layers\m_001_009_lca.png
New_Eden\data\layers\m_001_010_lca.png
New_Eden\data\layers\m_002_000_lca.png
New_Eden\data\layers\m_002_001_lca.png
New_Eden\data\layers\m_002_002_lca.png
New_Eden\data\layers\m_002_003_lca.png
New_Eden\data\layers\m_002_004_lca.png
New_Eden\data\layers\m_002_005_lca.png
New_Eden\data\layers\m_002_006_lca.png
New_Eden\data\layers\m_002_007_lca.png
New_Eden\data\layers\m_002_008_lca.png
New_Eden\data\layers\m_002_009_lca.png
New_Eden\data\layers\m_002_010_lca.png
New_Eden\data\layers\m_003_000_lca.png
New_Eden\data\layers\m_003_001_lca.png
New_Eden\data\layers\m_003_002_lca.png
New_Eden\data\layers\m_003_003_lca.png
New_Eden\data\layers\m_003_004_lca.png
New_Eden\data\layers\m_003_005_lca.png
New_Eden\data\layers\m_003_006_lca.png
New_Eden\data\layers\m_003_007_lca.png
New_Eden\data\layers\m_003_008_lca.png
New_Eden\data\layers\m_003_009_lca.png
New_Eden\data\layers\m_003_010_lca.png
New_Eden\data\layers\m_004_000_lca.png
New_Eden\data\layers\m_004_001_lca.png
New_Eden\data\layers\m_004_002_lca.png
New_Eden\data\layers\m_004_003_lca.png
New_Eden\data\layers\m_004_004_lca.png
New_Eden\data\layers\m_004_005_lca.png
New_Eden\data\layers\m_004_006_lca.png
New_Eden\data\layers\m_004_007_lca.png
New_Eden\data\layers\m_004_008_lca.png
New_Eden\data\layers\m_004_009_lca.png
New_Eden\data\layers\m_004_010_lca.png
New_Eden\data\layers\m_005_000_lca.png
New_Eden\data\layers\m_005_001_lca.png
New_Eden\data\layers\m_005_002_lca.png
New_Eden\data\layers\m_005_003_lca.png
New_Eden\data\layers\m_005_004_lca.png
New_Eden\data\layers\m_005_005_lca.png
New_Eden\data\layers\m_005_006_lca.png
New_Eden\data\layers\m_005_007_lca.png
New_Eden\data\layers\m_005_008_lca.png
New_Eden\data\layers\m_005_009_lca.png
New_Eden\data\layers\m_005_010_lca.png
New_Eden\data\layers\m_006_000_lca.png
New_Eden\data\layers\m_006_001_lca.png
New_Eden\data\layers\m_006_002_lca.png
New_Eden\data\layers\m_006_003_lca.png
New_Eden\data\layers\m_006_004_lca.png
New_Eden\data\layers\m_006_005_lca.png
New_Eden\data\layers\m_006_006_lca.png
New_Eden\data\layers\m_006_007_lca.png
New_Eden\data\layers\m_006_008_lca.png
New_Eden\data\layers\m_006_009_lca.png
New_Eden\data\layers\m_006_010_lca.png
New_Eden\data\layers\m_007_000_lca.png
New_Eden\data\layers\m_007_001_lca.png
New_Eden\data\layers\m_007_002_lca.png
New_Eden\data\layers\m_007_003_lca.png
New_Eden\data\layers\m_007_004_lca.png
New_Eden\data\layers\m_007_005_lca.png
New_Eden\data\layers\m_007_006_lca.png
New_Eden\data\layers\m_007_007_lca.png
New_Eden\data\layers\m_007_008_lca.png
New_Eden\data\layers\m_007_009_lca.png
New_Eden\data\layers\m_007_010_lca.png
New_Eden\data\layers\m_008_000_lca.png
New_Eden\data\layers\m_008_001_lca.png
New_Eden\data\layers\m_008_002_lca.png
New_Eden\data\layers\m_008_003_lca.png
New_Eden\data\layers\m_008_004_lca.png
New_Eden\data\layers\m_008_005_lca.png
New_Eden\data\layers\m_008_006_lca.png
New_Eden\data\layers\m_008_007_lca.png
New_Eden\data\layers\m_008_008_lca.png
New_Eden\data\layers\m_008_009_lca.png
New_Eden\data\layers\m_008_010_lca.png
New_Eden\data\layers\m_009_000_lca.png
New_Eden\data\layers\m_009_001_lca.png
New_Eden\data\layers\m_009_002_lca.png
New_Eden\data\layers\m_009_003_lca.png
New_Eden\data\layers\m_009_004_lca.png
New_Eden\data\layers\m_009_005_lca.png
New_Eden\data\layers\m_009_006_lca.png
New_Eden\data\layers\m_009_007_lca.png
New_Eden\data\layers\m_009_008_lca.png
New_Eden\data\layers\m_009_009_lca.png
New_Eden\data\layers\m_009_010_lca.png
New_Eden\data\layers\m_010_000_lca.png
New_Eden\data\layers\m_010_001_lca.png
New_Eden\data\layers\m_010_002_lca.png
New_Eden\data\layers\m_010_003_lca.png
New_Eden\data\layers\m_010_004_lca.png
New_Eden\data\layers\m_010_005_lca.png
New_Eden\data\layers\m_010_006_lca.png
New_Eden\data\layers\m_010_007_lca.png
New_Eden\data\layers\m_010_008_lca.png
New_Eden\data\layers\m_010_009_lca.png
New_Eden\data\layers\m_010_010_lca.png
New_Eden\data\layers\n_000_000_nohq.png
New_Eden\data\layers\n_000_001_nohq.png
New_Eden\data\layers\n_000_002_nohq.png
New_Eden\data\layers\n_000_003_nohq.png
New_Eden\data\layers\n_000_004_nohq.png
New_Eden\data\layers\n_000_005_nohq.png
New_Eden\data\layers\n_000_006_nohq.png
New_Eden\data\layers\n_000_007_nohq.png
New_Eden\data\layers\n_000_008_nohq.png
New_Eden\data\layers\n_000_009_nohq.png
New_Eden\data\layers\n_000_010_nohq.png
New_Eden\data\layers\n_001_000_nohq.png
New_Eden\data\layers\n_001_001_nohq.png
New_Eden\data\layers\n_001_002_nohq.png
New_Eden\data\layers\n_001_003_nohq.png
New_Eden\data\layers\n_001_004_nohq.png
New_Eden\data\layers\n_001_005_nohq.png
New_Eden\data\layers\n_001_006_nohq.png
New_Eden\data\layers\n_001_007_nohq.png
New_Eden\data\layers\n_001_008_nohq.png
New_Eden\data\layers\n_001_009_nohq.png
New_Eden\data\layers\n_001_010_nohq.png
New_Eden\data\layers\n_002_000_nohq.png
New_Eden\data\layers\n_002_001_nohq.png
New_Eden\data\layers\n_002_002_nohq.png
New_Eden\data\layers\n_002_003_nohq.png
New_Eden\data\layers\n_002_004_nohq.png
New_Eden\data\layers\n_002_005_nohq.png
New_Eden\data\layers\n_002_006_nohq.png
New_Eden\data\layers\n_002_007_nohq.png
New_Eden\data\layers\n_002_008_nohq.png
New_Eden\data\layers\n_002_009_nohq.png
New_Eden\data\layers\n_002_010_nohq.png
New_Eden\data\layers\n_003_000_nohq.png
New_Eden\data\layers\n_003_001_nohq.png
New_Eden\data\layers\n_003_002_nohq.png
New_Eden\data\layers\n_003_003_nohq.png
New_Eden\data\layers\n_003_004_nohq.png
New_Eden\data\layers\n_003_005_nohq.png
New_Eden\data\layers\n_003_006_nohq.png
New_Eden\data\layers\n_003_007_nohq.png
New_Eden\data\layers\n_003_008_nohq.png
New_Eden\data\layers\n_003_009_nohq.png
New_Eden\data\layers\n_003_010_nohq.png
New_Eden\data\layers\n_004_000_nohq.png
New_Eden\data\layers\n_004_001_nohq.png
New_Eden\data\layers\n_004_002_nohq.png
New_Eden\data\layers\n_004_003_nohq.png
New_Eden\data\layers\n_004_004_nohq.png
New_Eden\data\layers\n_004_005_nohq.png
New_Eden\data\layers\n_004_006_nohq.png
New_Eden\data\layers\n_004_007_nohq.png
New_Eden\data\layers\n_004_008_nohq.png
New_Eden\data\layers\n_004_009_nohq.png
New_Eden\data\layers\n_004_010_nohq.png
New_Eden\data\layers\n_005_000_nohq.png
New_Eden\data\layers\n_005_001_nohq.png
New_Eden\data\layers\n_005_002_nohq.png
New_Eden\data\layers\n_005_003_nohq.png
New_Eden\data\layers\n_005_004_nohq.png
New_Eden\data\layers\n_005_005_nohq.png
New_Eden\data\layers\n_005_006_nohq.png
New_Eden\data\layers\n_005_007_nohq.png
New_Eden\data\layers\n_005_008_nohq.png
New_Eden\data\layers\n_005_009_nohq.png
New_Eden\data\layers\n_005_010_nohq.png
New_Eden\data\layers\n_006_000_nohq.png
New_Eden\data\layers\n_006_001_nohq.png
New_Eden\data\layers\n_006_002_nohq.png
New_Eden\data\layers\n_006_003_nohq.png
New_Eden\data\layers\n_006_004_nohq.png
New_Eden\data\layers\n_006_005_nohq.png
New_Eden\data\layers\n_006_006_nohq.png
New_Eden\data\layers\n_006_007_nohq.png
New_Eden\data\layers\n_006_008_nohq.png
New_Eden\data\layers\n_006_009_nohq.png
New_Eden\data\layers\n_006_010_nohq.png
New_Eden\data\layers\n_007_000_nohq.png
New_Eden\data\layers\n_007_001_nohq.png
New_Eden\data\layers\n_007_002_nohq.png
New_Eden\data\layers\n_007_003_nohq.png
New_Eden\data\layers\n_007_004_nohq.png
New_Eden\data\layers\n_007_005_nohq.png
New_Eden\data\layers\n_007_006_nohq.png
New_Eden\data\layers\n_007_007_nohq.png
New_Eden\data\layers\n_007_008_nohq.png
New_Eden\data\layers\n_007_009_nohq.png
New_Eden\data\layers\n_007_010_nohq.png
New_Eden\data\layers\n_008_000_nohq.png
New_Eden\data\layers\n_008_001_nohq.png
New_Eden\data\layers\n_008_002_nohq.png
New_Eden\data\layers\n_008_003_nohq.png
New_Eden\data\layers\n_008_004_nohq.png
New_Eden\data\layers\n_008_005_nohq.png
New_Eden\data\layers\n_008_006_nohq.png
New_Eden\data\layers\n_008_007_nohq.png
New_Eden\data\layers\n_008_008_nohq.png
New_Eden\data\layers\n_008_009_nohq.png
New_Eden\data\layers\n_008_010_nohq.png
New_Eden\data\layers\n_009_000_nohq.png
New_Eden\data\layers\n_009_001_nohq.png
New_Eden\data\layers\n_009_002_nohq.png
New_Eden\data\layers\n_009_003_nohq.png
New_Eden\data\layers\n_009_004_nohq.png
New_Eden\data\layers\n_009_005_nohq.png
New_Eden\data\layers\n_009_006_nohq.png
New_Eden\data\layers\n_009_007_nohq.png
New_Eden\data\layers\n_009_008_nohq.png
New_Eden\data\layers\n_009_009_nohq.png
New_Eden\data\layers\n_009_010_nohq.png
New_Eden\data\layers\n_010_000_nohq.png
New_Eden\data\layers\n_010_001_nohq.png
New_Eden\data\layers\n_010_002_nohq.png
New_Eden\data\layers\n_010_003_nohq.png
New_Eden\data\layers\n_010_004_nohq.png
New_Eden\data\layers\n_010_005_nohq.png
New_Eden\data\layers\n_010_006_nohq.png
New_Eden\data\layers\n_010_007_nohq.png
New_Eden\data\layers\n_010_008_nohq.png
New_Eden\data\layers\n_010_009_nohq.png
New_Eden\data\layers\n_010_010_nohq.png
New_Eden\data\layers\s_000_000_lco.png
New_Eden\data\layers\s_000_001_lco.png
New_Eden\data\layers\s_000_002_lco.png
New_Eden\data\layers\s_000_003_lco.png
New_Eden\data\layers\s_000_004_lco.png
New_Eden\data\layers\s_000_005_lco.png
New_Eden\data\layers\s_000_006_lco.png
New_Eden\data\layers\s_000_007_lco.png
New_Eden\data\layers\s_000_008_lco.png
New_Eden\data\layers\s_000_009_lco.png
New_Eden\data\layers\s_000_010_lco.png
New_Eden\data\layers\s_001_000_lco.png
New_Eden\data\layers\s_001_001_lco.png
New_Eden\data\layers\s_001_002_lco.png
New_Eden\data\layers\s_001_003_lco.png
New_Eden\data\layers\s_001_004_lco.png
New_Eden\data\layers\s_001_005_lco.png
New_Eden\data\layers\s_001_006_lco.png
New_Eden\data\layers\s_001_007_lco.png
New_Eden\data\layers\s_001_008_lco.png
New_Eden\data\layers\s_001_009_lco.png
New_Eden\data\layers\s_001_010_lco.png
New_Eden\data\layers\s_002_000_lco.png
New_Eden\data\layers\s_002_001_lco.png
New_Eden\data\layers\s_002_002_lco.png
New_Eden\data\layers\s_002_003_lco.png
New_Eden\data\layers\s_002_004_lco.png
New_Eden\data\layers\s_002_005_lco.png
New_Eden\data\layers\s_002_006_lco.png
New_Eden\data\layers\s_002_007_lco.png
New_Eden\data\layers\s_002_008_lco.png
New_Eden\data\layers\s_002_009_lco.png
New_Eden\data\layers\s_002_010_lco.png
New_Eden\data\layers\s_003_000_lco.png
New_Eden\data\layers\s_003_001_lco.png
New_Eden\data\layers\s_003_002_lco.png
New_Eden\data\layers\s_003_003_lco.png
New_Eden\data\layers\s_003_004_lco.png
New_Eden\data\layers\s_003_005_lco.png
New_Eden\data\layers\s_003_006_lco.png
New_Eden\data\layers\s_003_007_lco.png
New_Eden\data\layers\s_003_008_lco.png
New_Eden\data\layers\s_003_009_lco.png
New_Eden\data\layers\s_003_010_lco.png
New_Eden\data\layers\s_004_000_lco.png
New_Eden\data\layers\s_004_001_lco.png
New_Eden\data\layers\s_004_002_lco.png
New_Eden\data\layers\s_004_003_lco.png
New_Eden\data\layers\s_004_004_lco.png
New_Eden\data\layers\s_004_005_lco.png
New_Eden\data\layers\s_004_006_lco.png
New_Eden\data\layers\s_004_007_lco.png
New_Eden\data\layers\s_004_008_lco.png
New_Eden\data\layers\s_004_009_lco.png
New_Eden\data\layers\s_004_010_lco.png
New_Eden\data\layers\s_005_000_lco.png
New_Eden\data\layers\s_005_001_lco.png
New_Eden\data\layers\s_005_002_lco.png
New_Eden\data\layers\s_005_003_lco.png
New_Eden\data\layers\s_005_004_lco.png
New_Eden\data\layers\s_005_005_lco.png
New_Eden\data\layers\s_005_006_lco.png
New_Eden\data\layers\s_005_007_lco.png
New_Eden\data\layers\s_005_008_lco.png
New_Eden\data\layers\s_005_009_lco.png
New_Eden\data\layers\s_005_010_lco.png
New_Eden\data\layers\s_006_000_lco.png
New_Eden\data\layers\s_006_001_lco.png
New_Eden\data\layers\s_006_002_lco.png
New_Eden\data\layers\s_006_003_lco.png
New_Eden\data\layers\s_006_004_lco.png
New_Eden\data\layers\s_006_005_lco.png
New_Eden\data\layers\s_006_006_lco.png
New_Eden\data\layers\s_006_007_lco.png
New_Eden\data\layers\s_006_008_lco.png
New_Eden\data\layers\s_006_009_lco.png
New_Eden\data\layers\s_006_010_lco.png
New_Eden\data\layers\s_007_000_lco.png
New_Eden\data\layers\s_007_001_lco.png
New_Eden\data\layers\s_007_002_lco.png
New_Eden\data\layers\s_007_003_lco.png
New_Eden\data\layers\s_007_004_lco.png
New_Eden\data\layers\s_007_005_lco.png
New_Eden\data\layers\s_007_006_lco.png
New_Eden\data\layers\s_007_007_lco.png
New_Eden\data\layers\s_007_008_lco.png
New_Eden\data\layers\s_007_009_lco.png
New_Eden\data\layers\s_007_010_lco.png
New_Eden\data\layers\s_008_000_lco.png
New_Eden\data\layers\s_008_001_lco.png
New_Eden\data\layers\s_008_002_lco.png
New_Eden\data\layers\s_008_003_lco.png
New_Eden\data\layers\s_008_004_lco.png
New_Eden\data\layers\s_008_005_lco.png
New_Eden\data\layers\s_008_006_lco.png
New_Eden\data\layers\s_008_007_lco.png
New_Eden\data\layers\s_008_008_lco.png
New_Eden\data\layers\s_008_009_lco.png
New_Eden\data\layers\s_008_010_lco.png
New_Eden\data\layers\s_009_000_lco.png
New_Eden\data\layers\s_009_001_lco.png
New_Eden\data\layers\s_009_002_lco.png
New_Eden\data\layers\s_009_003_lco.png
New_Eden\data\layers\s_009_004_lco.png
New_Eden\data\layers\s_009_005_lco.png
New_Eden\data\layers\s_009_006_lco.png
New_Eden\data\layers\s_009_007_lco.png
New_Eden\data\layers\s_009_008_lco.png
New_Eden\data\layers\s_009_009_lco.png
New_Eden\data\layers\s_009_010_lco.png
New_Eden\data\layers\s_010_000_lco.png
New_Eden\data\layers\s_010_001_lco.png
New_Eden\data\layers\s_010_002_lco.png
New_Eden\data\layers\s_010_003_lco.png
New_Eden\data\layers\s_010_004_lco.png
New_Eden\data\layers\s_010_005_lco.png
New_Eden\data\layers\s_010_006_lco.png
New_Eden\data\layers\s_010_007_lco.png
New_Eden\data\layers\s_010_008_lco.png
New_Eden\data\layers\s_010_009_lco.png
New_Eden\data\layers\s_010_010_lco.png
New_Eden\source\maplegend.png
New_Eden\source\mask.png
New_Eden\source\maskmain.png
New_Eden\source\road_mask - copy.png
New_Eden\source\road_mask.png
New_Eden\source\sat - copy.png
New_Eden\source\sat.png
New_Eden\source\test new_speclm.png
New_Eden\source\test new_tn.png
